<?xml version="1.0" encoding="UTF-8"?>
<coverage generated="1581633115646" clover="3.2.0">
  <project timestamp="1581633115646" name="All files">
    <metrics statements="50" coveredstatements="35" conditionals="0" coveredconditionals="0" methods="26" coveredmethods="14" elements="76" coveredelements="49" complexity="0" loc="50" ncloc="50" packages="2" files="7" classes="7"/>
    <package name="components">
      <metrics statements="11" coveredstatements="8" conditionals="0" coveredconditionals="0" methods="5" coveredmethods="3"/>
      <file name="apiCalls.js" path="/Users/learn/Desktop/BATCHBOIz/ferm-cal/app/javascript/components/apiCalls.js">
        <metrics statements="11" coveredstatements="8" conditionals="0" coveredconditionals="0" methods="5" coveredmethods="3"/>
        <line num="2" count="2" type="stmt"/>
        <line num="3" count="3" type="stmt"/>
        <line num="9" count="2" type="stmt"/>
        <line num="10" count="1" type="stmt"/>
        <line num="15" count="2" type="stmt"/>
        <line num="16" count="1" type="stmt"/>
        <line num="25" count="2" type="stmt"/>
        <line num="26" count="0" type="stmt"/>
        <line num="37" count="2" type="stmt"/>
        <line num="38" count="0" type="stmt"/>
        <line num="39" count="0" type="stmt"/>
      </file>
    </package>
    <package name="components.pages">
      <metrics statements="39" coveredstatements="27" conditionals="0" coveredconditionals="0" methods="21" coveredmethods="11"/>
      <file name="aboutus.js" path="/Users/learn/Desktop/BATCHBOIz/ferm-cal/app/javascript/components/pages/aboutus.js">
        <metrics statements="2" coveredstatements="2" conditionals="0" coveredconditionals="0" methods="1" coveredmethods="1"/>
        <line num="6" count="1" type="stmt"/>
        <line num="7" count="1" type="stmt"/>
      </file>
      <file name="active.js" path="/Users/learn/Desktop/BATCHBOIz/ferm-cal/app/javascript/components/pages/active.js">
        <metrics statements="4" coveredstatements="4" conditionals="0" coveredconditionals="0" methods="2" coveredmethods="2"/>
        <line num="10" count="1" type="stmt"/>
        <line num="11" count="2" type="stmt"/>
        <line num="12" count="2" type="stmt"/>
        <line num="19" count="6" type="stmt"/>
      </file>
      <file name="archive.js" path="/Users/learn/Desktop/BATCHBOIz/ferm-cal/app/javascript/components/pages/archive.js">
        <metrics statements="4" coveredstatements="4" conditionals="0" coveredconditionals="0" methods="2" coveredmethods="2"/>
        <line num="10" count="1" type="stmt"/>
        <line num="11" count="2" type="stmt"/>
        <line num="12" count="2" type="stmt"/>
        <line num="19" count="6" type="stmt"/>
      </file>
      <file name="batchshow.js" path="/Users/learn/Desktop/BATCHBOIz/ferm-cal/app/javascript/components/pages/batchshow.js">
        <metrics statements="20" coveredstatements="8" conditionals="0" coveredconditionals="0" methods="12" coveredmethods="2"/>
        <line num="20" count="1" type="stmt"/>
        <line num="21" count="1" type="stmt"/>
        <line num="26" count="1" type="stmt"/>
        <line num="27" count="0" type="stmt"/>
        <line num="31" count="1" type="stmt"/>
        <line num="32" count="0" type="stmt"/>
        <line num="35" count="1" type="stmt"/>
        <line num="36" count="0" type="stmt"/>
        <line num="39" count="1" type="stmt"/>
        <line num="40" count="0" type="stmt"/>
        <line num="41" count="0" type="stmt"/>
        <line num="43" count="0" type="stmt"/>
        <line num="45" count="0" type="stmt"/>
        <line num="46" count="0" type="stmt"/>
        <line num="50" count="1" type="stmt"/>
        <line num="51" count="1" type="stmt"/>
        <line num="55" count="0" type="stmt"/>
        <line num="67" count="0" type="stmt"/>
        <line num="70" count="0" type="stmt"/>
        <line num="82" count="0" type="stmt"/>
      </file>
      <file name="dashboard.js" path="/Users/learn/Desktop/BATCHBOIz/ferm-cal/app/javascript/components/pages/dashboard.js">
        <metrics statements="7" coveredstatements="7" conditionals="0" coveredconditionals="0" methods="3" coveredmethods="3"/>
        <line num="20" count="1" type="stmt"/>
        <line num="21" count="3" type="stmt"/>
        <line num="22" count="3" type="stmt"/>
        <line num="23" count="3" type="stmt"/>
        <line num="24" count="3" type="stmt"/>
        <line num="33" count="9" type="stmt"/>
        <line num="56" count="9" type="stmt"/>
      </file>
      <file name="landingPage.js" path="/Users/learn/Desktop/BATCHBOIz/ferm-cal/app/javascript/components/pages/landingPage.js">
        <metrics statements="2" coveredstatements="2" conditionals="0" coveredconditionals="0" methods="1" coveredmethods="1"/>
        <line num="3" count="1" type="stmt"/>
        <line num="4" count="1" type="stmt"/>
      </file>
    </package>
  </project>
</coverage>
