{"/Users/learn/Desktop/BATCHBOIz/ferm-cal/app/javascript/components/apiCalls.js": {"path":"/Users/learn/Desktop/BATCHBOIz/ferm-cal/app/javascript/components/apiCalls.js","statementMap":{"0":{"start":{"line":2,"column":26},"end":{"line":7,"column":1}},"1":{"start":{"line":3,"column":4},"end":{"line":6,"column":5}},"2":{"start":{"line":9,"column":24},"end":{"line":13,"column":1}},"3":{"start":{"line":10,"column":4},"end":{"line":12,"column":5}},"4":{"start":{"line":15,"column":27},"end":{"line":23,"column":2}},"5":{"start":{"line":16,"column":5},"end":{"line":22,"column":8}},"6":{"start":{"line":25,"column":27},"end":{"line":33,"column":1}},"7":{"start":{"line":26,"column":4},"end":{"line":32,"column":10}},"8":{"start":{"line":37,"column":27},"end":{"line":47,"column":1}},"9":{"start":{"line":38,"column":4},"end":{"line":38,"column":23}},"10":{"start":{"line":39,"column":4},"end":{"line":45,"column":6}}},"fnMap":{"0":{"name":"(anonymous_0)","decl":{"start":{"line":2,"column":26},"end":{"line":2,"column":27}},"loc":{"start":{"line":2,"column":32},"end":{"line":7,"column":1}},"line":2},"1":{"name":"(anonymous_1)","decl":{"start":{"line":9,"column":24},"end":{"line":9,"column":25}},"loc":{"start":{"line":9,"column":30},"end":{"line":13,"column":1}},"line":9},"2":{"name":"(anonymous_2)","decl":{"start":{"line":15,"column":27},"end":{"line":15,"column":28}},"loc":{"start":{"line":15,"column":37},"end":{"line":23,"column":2}},"line":15},"3":{"name":"(anonymous_3)","decl":{"start":{"line":25,"column":27},"end":{"line":25,"column":28}},"loc":{"start":{"line":25,"column":37},"end":{"line":33,"column":1}},"line":25},"4":{"name":"(anonymous_4)","decl":{"start":{"line":37,"column":27},"end":{"line":37,"column":28}},"loc":{"start":{"line":37,"column":38},"end":{"line":47,"column":1}},"line":37}},"branchMap":{},"s":{"0":2,"1":3,"2":2,"3":1,"4":2,"5":1,"6":2,"7":0,"8":2,"9":0,"10":0},"f":{"0":3,"1":1,"2":1,"3":0,"4":0},"b":{},"_coverageSchema":"1a1c01bbd47fc00a2c39e90264f33305004495a9","hash":"4067eaa831dc32f07e5fbe267c8f61be3266e462"}
,"/Users/learn/Desktop/BATCHBOIz/ferm-cal/app/javascript/components/pages/aboutus.js": {"path":"/Users/learn/Desktop/BATCHBOIz/ferm-cal/app/javascript/components/pages/aboutus.js","statementMap":{"0":{"start":{"line":6,"column":16},"end":{"line":14,"column":1}},"1":{"start":{"line":7,"column":4},"end":{"line":13,"column":5}}},"fnMap":{"0":{"name":"(anonymous_0)","decl":{"start":{"line":6,"column":16},"end":{"line":6,"column":17}},"loc":{"start":{"line":6,"column":22},"end":{"line":14,"column":1}},"line":6}},"branchMap":{},"s":{"0":1,"1":1},"f":{"0":1},"b":{},"_coverageSchema":"1a1c01bbd47fc00a2c39e90264f33305004495a9","hash":"3ae08135da45825638100fa7009b0cbcc0c0a1e2"}
,"/Users/learn/Desktop/BATCHBOIz/ferm-cal/app/javascript/components/pages/active.js": {"path":"/Users/learn/Desktop/BATCHBOIz/ferm-cal/app/javascript/components/pages/active.js","statementMap":{"0":{"start":{"line":10,"column":15},"end":{"line":33,"column":1}},"1":{"start":{"line":11,"column":22},"end":{"line":11,"column":27}},"2":{"start":{"line":12,"column":4},"end":{"line":32,"column":5}},"3":{"start":{"line":19,"column":32},"end":{"line":26,"column":33}}},"fnMap":{"0":{"name":"(anonymous_0)","decl":{"start":{"line":10,"column":15},"end":{"line":10,"column":16}},"loc":{"start":{"line":10,"column":26},"end":{"line":33,"column":1}},"line":10},"1":{"name":"(anonymous_1)","decl":{"start":{"line":18,"column":41},"end":{"line":18,"column":42}},"loc":{"start":{"line":18,"column":57},"end":{"line":27,"column":29}},"line":18}},"branchMap":{},"s":{"0":1,"1":2,"2":2,"3":6},"f":{"0":2,"1":6},"b":{},"_coverageSchema":"1a1c01bbd47fc00a2c39e90264f33305004495a9","hash":"2b3692124e41a3a1ae349b67eafa93d69958724a"}
,"/Users/learn/Desktop/BATCHBOIz/ferm-cal/app/javascript/components/pages/archive.js": {"path":"/Users/learn/Desktop/BATCHBOIz/ferm-cal/app/javascript/components/pages/archive.js","statementMap":{"0":{"start":{"line":10,"column":16},"end":{"line":33,"column":1}},"1":{"start":{"line":11,"column":22},"end":{"line":11,"column":27}},"2":{"start":{"line":12,"column":4},"end":{"line":32,"column":5}},"3":{"start":{"line":19,"column":32},"end":{"line":26,"column":33}}},"fnMap":{"0":{"name":"(anonymous_0)","decl":{"start":{"line":10,"column":16},"end":{"line":10,"column":17}},"loc":{"start":{"line":10,"column":27},"end":{"line":33,"column":1}},"line":10},"1":{"name":"(anonymous_1)","decl":{"start":{"line":18,"column":41},"end":{"line":18,"column":42}},"loc":{"start":{"line":18,"column":57},"end":{"line":27,"column":29}},"line":18}},"branchMap":{},"s":{"0":1,"1":2,"2":2,"3":6},"f":{"0":2,"1":6},"b":{},"_coverageSchema":"1a1c01bbd47fc00a2c39e90264f33305004495a9","hash":"3f674989d4428bb1e08ca9ec909318d0e1127d41"}
,"/Users/learn/Desktop/BATCHBOIz/ferm-cal/app/javascript/components/pages/batchshow.js": {"path":"/Users/learn/Desktop/BATCHBOIz/ferm-cal/app/javascript/components/pages/batchshow.js","statementMap":{"0":{"start":{"line":20,"column":8},"end":{"line":20,"column":20}},"1":{"start":{"line":21,"column":8},"end":{"line":24,"column":9}},"2":{"start":{"line":26,"column":24},"end":{"line":28,"column":5}},"3":{"start":{"line":27,"column":8},"end":{"line":27,"column":27}},"4":{"start":{"line":31,"column":19},"end":{"line":33,"column":5}},"5":{"start":{"line":32,"column":8},"end":{"line":32,"column":37}},"6":{"start":{"line":35,"column":19},"end":{"line":37,"column":5}},"7":{"start":{"line":36,"column":8},"end":{"line":36,"column":20}},"8":{"start":{"line":39,"column":19},"end":{"line":47,"column":5}},"9":{"start":{"line":40,"column":8},"end":{"line":40,"column":30}},"10":{"start":{"line":41,"column":8},"end":{"line":44,"column":10}},"11":{"start":{"line":43,"column":12},"end":{"line":43,"column":31}},"12":{"start":{"line":45,"column":8},"end":{"line":46,"column":43}},"13":{"start":{"line":46,"column":24},"end":{"line":46,"column":42}},"14":{"start":{"line":50,"column":20},"end":{"line":50,"column":46}},"15":{"start":{"line":51,"column":22},"end":{"line":51,"column":82}},"16":{"start":{"line":51,"column":57},"end":{"line":51,"column":81}},"17":{"start":{"line":55,"column":4},"end":{"line":98,"column":5}},"18":{"start":{"line":67,"column":103},"end":{"line":67,"column":126}},"19":{"start":{"line":70,"column":103},"end":{"line":70,"column":127}},"20":{"start":{"line":82,"column":40},"end":{"line":86,"column":41}}},"fnMap":{"0":{"name":"(anonymous_0)","decl":{"start":{"line":19,"column":4},"end":{"line":19,"column":5}},"loc":{"start":{"line":19,"column":23},"end":{"line":25,"column":5}},"line":19},"1":{"name":"(anonymous_1)","decl":{"start":{"line":26,"column":24},"end":{"line":26,"column":25}},"loc":{"start":{"line":26,"column":30},"end":{"line":28,"column":5}},"line":26},"2":{"name":"(anonymous_2)","decl":{"start":{"line":31,"column":19},"end":{"line":31,"column":20}},"loc":{"start":{"line":31,"column":30},"end":{"line":33,"column":5}},"line":31},"3":{"name":"(anonymous_3)","decl":{"start":{"line":35,"column":19},"end":{"line":35,"column":20}},"loc":{"start":{"line":35,"column":32},"end":{"line":37,"column":5}},"line":35},"4":{"name":"(anonymous_4)","decl":{"start":{"line":39,"column":19},"end":{"line":39,"column":20}},"loc":{"start":{"line":39,"column":30},"end":{"line":47,"column":5}},"line":39},"5":{"name":"(anonymous_5)","decl":{"start":{"line":42,"column":14},"end":{"line":42,"column":15}},"loc":{"start":{"line":42,"column":28},"end":{"line":44,"column":9}},"line":42},"6":{"name":"(anonymous_6)","decl":{"start":{"line":46,"column":15},"end":{"line":46,"column":16}},"loc":{"start":{"line":46,"column":24},"end":{"line":46,"column":42}},"line":46},"7":{"name":"(anonymous_7)","decl":{"start":{"line":49,"column":4},"end":{"line":49,"column":5}},"loc":{"start":{"line":49,"column":14},"end":{"line":98,"column":6}},"line":49},"8":{"name":"(anonymous_8)","decl":{"start":{"line":51,"column":46},"end":{"line":51,"column":47}},"loc":{"start":{"line":51,"column":57},"end":{"line":51,"column":81}},"line":51},"9":{"name":"(anonymous_9)","decl":{"start":{"line":67,"column":96},"end":{"line":67,"column":97}},"loc":{"start":{"line":67,"column":102},"end":{"line":67,"column":127}},"line":67},"10":{"name":"(anonymous_10)","decl":{"start":{"line":70,"column":96},"end":{"line":70,"column":97}},"loc":{"start":{"line":70,"column":102},"end":{"line":70,"column":128}},"line":70},"11":{"name":"(anonymous_11)","decl":{"start":{"line":81,"column":53},"end":{"line":81,"column":54}},"loc":{"start":{"line":81,"column":68},"end":{"line":87,"column":37}},"line":81}},"branchMap":{},"s":{"0":1,"1":1,"2":1,"3":0,"4":1,"5":0,"6":1,"7":0,"8":1,"9":0,"10":0,"11":0,"12":0,"13":0,"14":1,"15":1,"16":0,"17":0,"18":0,"19":0,"20":0},"f":{"0":1,"1":0,"2":0,"3":0,"4":0,"5":0,"6":0,"7":1,"8":0,"9":0,"10":0,"11":0},"b":{},"_coverageSchema":"1a1c01bbd47fc00a2c39e90264f33305004495a9","hash":"d1ff1e4e582de98dede9bcad5d58dfdc34b158b7"}
,"/Users/learn/Desktop/BATCHBOIz/ferm-cal/app/javascript/components/pages/dashboard.js": {"path":"/Users/learn/Desktop/BATCHBOIz/ferm-cal/app/javascript/components/pages/dashboard.js","statementMap":{"0":{"start":{"line":20,"column":18},"end":{"line":77,"column":1}},"1":{"start":{"line":21,"column":29},"end":{"line":21,"column":34}},"2":{"start":{"line":22,"column":21},"end":{"line":22,"column":66}},"3":{"start":{"line":23,"column":22},"end":{"line":23,"column":67}},"4":{"start":{"line":24,"column":4},"end":{"line":76,"column":5}},"5":{"start":{"line":33,"column":40},"end":{"line":43,"column":41}},"6":{"start":{"line":56,"column":40},"end":{"line":63,"column":41}}},"fnMap":{"0":{"name":"(anonymous_0)","decl":{"start":{"line":20,"column":18},"end":{"line":20,"column":19}},"loc":{"start":{"line":20,"column":29},"end":{"line":77,"column":1}},"line":20},"1":{"name":"(anonymous_1)","decl":{"start":{"line":32,"column":47},"end":{"line":32,"column":48}},"loc":{"start":{"line":32,"column":62},"end":{"line":44,"column":37}},"line":32},"2":{"name":"(anonymous_2)","decl":{"start":{"line":55,"column":49},"end":{"line":55,"column":50}},"loc":{"start":{"line":55,"column":65},"end":{"line":64,"column":37}},"line":55}},"branchMap":{},"s":{"0":1,"1":3,"2":3,"3":3,"4":3,"5":9,"6":9},"f":{"0":3,"1":9,"2":9},"b":{},"_coverageSchema":"1a1c01bbd47fc00a2c39e90264f33305004495a9","hash":"b387d33242dd6d60e63fb4fd692ceb3184ee8549"}
,"/Users/learn/Desktop/BATCHBOIz/ferm-cal/app/javascript/components/pages/landingPage.js": {"path":"/Users/learn/Desktop/BATCHBOIz/ferm-cal/app/javascript/components/pages/landingPage.js","statementMap":{"0":{"start":{"line":3,"column":27},"end":{"line":12,"column":1}},"1":{"start":{"line":4,"column":4},"end":{"line":11,"column":5}}},"fnMap":{"0":{"name":"(anonymous_0)","decl":{"start":{"line":3,"column":27},"end":{"line":3,"column":28}},"loc":{"start":{"line":3,"column":33},"end":{"line":12,"column":1}},"line":3}},"branchMap":{},"s":{"0":1,"1":1},"f":{"0":1},"b":{},"_coverageSchema":"1a1c01bbd47fc00a2c39e90264f33305004495a9","hash":"82a33988014b7970c4f11492633d5b6c2a6fd4b4"}
}
