{"/Users/learn/Desktop/BATCHBOIz/ferm-cal/app/javascript/components/pages/aboutus.js": {"path":"/Users/learn/Desktop/BATCHBOIz/ferm-cal/app/javascript/components/pages/aboutus.js","statementMap":{"0":{"start":{"line":6,"column":16},"end":{"line":14,"column":1}},"1":{"start":{"line":7,"column":4},"end":{"line":13,"column":5}}},"fnMap":{"0":{"name":"(anonymous_0)","decl":{"start":{"line":6,"column":16},"end":{"line":6,"column":17}},"loc":{"start":{"line":6,"column":22},"end":{"line":14,"column":1}},"line":6}},"branchMap":{},"s":{"0":1,"1":1},"f":{"0":1},"b":{},"_coverageSchema":"1a1c01bbd47fc00a2c39e90264f33305004495a9","hash":"3ae08135da45825638100fa7009b0cbcc0c0a1e2"}
,"/Users/learn/Desktop/BATCHBOIz/ferm-cal/app/javascript/components/pages/active.js": {"path":"/Users/learn/Desktop/BATCHBOIz/ferm-cal/app/javascript/components/pages/active.js","statementMap":{"0":{"start":{"line":10,"column":15},"end":{"line":33,"column":1}},"1":{"start":{"line":11,"column":22},"end":{"line":11,"column":27}},"2":{"start":{"line":12,"column":4},"end":{"line":32,"column":5}},"3":{"start":{"line":19,"column":32},"end":{"line":26,"column":33}}},"fnMap":{"0":{"name":"(anonymous_0)","decl":{"start":{"line":10,"column":15},"end":{"line":10,"column":16}},"loc":{"start":{"line":10,"column":26},"end":{"line":33,"column":1}},"line":10},"1":{"name":"(anonymous_1)","decl":{"start":{"line":18,"column":41},"end":{"line":18,"column":42}},"loc":{"start":{"line":18,"column":57},"end":{"line":27,"column":29}},"line":18}},"branchMap":{},"s":{"0":1,"1":2,"2":2,"3":6},"f":{"0":2,"1":6},"b":{},"_coverageSchema":"1a1c01bbd47fc00a2c39e90264f33305004495a9","hash":"2b3692124e41a3a1ae349b67eafa93d69958724a"}
,"/Users/learn/Desktop/BATCHBOIz/ferm-cal/app/javascript/components/pages/archive.js": {"path":"/Users/learn/Desktop/BATCHBOIz/ferm-cal/app/javascript/components/pages/archive.js","statementMap":{"0":{"start":{"line":10,"column":16},"end":{"line":33,"column":1}},"1":{"start":{"line":11,"column":22},"end":{"line":11,"column":27}},"2":{"start":{"line":12,"column":4},"end":{"line":32,"column":5}},"3":{"start":{"line":19,"column":32},"end":{"line":26,"column":33}}},"fnMap":{"0":{"name":"(anonymous_0)","decl":{"start":{"line":10,"column":16},"end":{"line":10,"column":17}},"loc":{"start":{"line":10,"column":27},"end":{"line":33,"column":1}},"line":10},"1":{"name":"(anonymous_1)","decl":{"start":{"line":18,"column":41},"end":{"line":18,"column":42}},"loc":{"start":{"line":18,"column":57},"end":{"line":27,"column":29}},"line":18}},"branchMap":{},"s":{"0":1,"1":2,"2":2,"3":6},"f":{"0":2,"1":6},"b":{},"_coverageSchema":"1a1c01bbd47fc00a2c39e90264f33305004495a9","hash":"3f674989d4428bb1e08ca9ec909318d0e1127d41"}
,"/Users/learn/Desktop/BATCHBOIz/ferm-cal/app/javascript/components/pages/dashboard.js": {"path":"/Users/learn/Desktop/BATCHBOIz/ferm-cal/app/javascript/components/pages/dashboard.js","statementMap":{"0":{"start":{"line":20,"column":18},"end":{"line":77,"column":1}},"1":{"start":{"line":21,"column":29},"end":{"line":21,"column":34}},"2":{"start":{"line":22,"column":21},"end":{"line":22,"column":66}},"3":{"start":{"line":23,"column":22},"end":{"line":23,"column":67}},"4":{"start":{"line":24,"column":4},"end":{"line":76,"column":5}},"5":{"start":{"line":33,"column":40},"end":{"line":43,"column":41}},"6":{"start":{"line":56,"column":40},"end":{"line":63,"column":41}}},"fnMap":{"0":{"name":"(anonymous_0)","decl":{"start":{"line":20,"column":18},"end":{"line":20,"column":19}},"loc":{"start":{"line":20,"column":29},"end":{"line":77,"column":1}},"line":20},"1":{"name":"(anonymous_1)","decl":{"start":{"line":32,"column":47},"end":{"line":32,"column":48}},"loc":{"start":{"line":32,"column":62},"end":{"line":44,"column":37}},"line":32},"2":{"name":"(anonymous_2)","decl":{"start":{"line":55,"column":49},"end":{"line":55,"column":50}},"loc":{"start":{"line":55,"column":65},"end":{"line":64,"column":37}},"line":55}},"branchMap":{},"s":{"0":1,"1":3,"2":3,"3":3,"4":3,"5":9,"6":9},"f":{"0":3,"1":9,"2":9},"b":{},"_coverageSchema":"1a1c01bbd47fc00a2c39e90264f33305004495a9","hash":"b387d33242dd6d60e63fb4fd692ceb3184ee8549"}
}
