TN:
SF:app/javascript/components/apiCalls.js
FN:2,(anonymous_0)
FN:9,(anonymous_1)
FN:15,(anonymous_2)
FN:25,(anonymous_3)
FN:37,(anonymous_4)
FNF:5
FNH:3
FNDA:3,(anonymous_0)
FNDA:1,(anonymous_1)
FNDA:1,(anonymous_2)
FNDA:0,(anonymous_3)
FNDA:0,(anonymous_4)
DA:2,2
DA:3,3
DA:9,2
DA:10,1
DA:15,2
DA:16,1
DA:25,2
DA:26,0
DA:37,2
DA:38,0
DA:39,0
LF:11
LH:8
BRF:0
BRH:0
end_of_record
TN:
SF:app/javascript/components/pages/aboutus.js
FN:6,(anonymous_0)
FNF:1
FNH:1
FNDA:1,(anonymous_0)
DA:6,1
DA:7,1
LF:2
LH:2
BRF:0
BRH:0
end_of_record
TN:
SF:app/javascript/components/pages/active.js
FN:10,(anonymous_0)
FN:18,(anonymous_1)
FNF:2
FNH:2
FNDA:2,(anonymous_0)
FNDA:6,(anonymous_1)
DA:10,1
DA:11,2
DA:12,2
DA:19,6
LF:4
LH:4
BRF:0
BRH:0
end_of_record
TN:
SF:app/javascript/components/pages/archive.js
FN:10,(anonymous_0)
FN:18,(anonymous_1)
FNF:2
FNH:2
FNDA:2,(anonymous_0)
FNDA:6,(anonymous_1)
DA:10,1
DA:11,2
DA:12,2
DA:19,6
LF:4
LH:4
BRF:0
BRH:0
end_of_record
TN:
SF:app/javascript/components/pages/batchshow.js
FN:19,(anonymous_0)
FN:26,(anonymous_1)
FN:31,(anonymous_2)
FN:35,(anonymous_3)
FN:39,(anonymous_4)
FN:42,(anonymous_5)
FN:46,(anonymous_6)
FN:49,(anonymous_7)
FN:51,(anonymous_8)
FN:67,(anonymous_9)
FN:70,(anonymous_10)
FN:81,(anonymous_11)
FNF:12
FNH:2
FNDA:1,(anonymous_0)
FNDA:0,(anonymous_1)
FNDA:0,(anonymous_2)
FNDA:0,(anonymous_3)
FNDA:0,(anonymous_4)
FNDA:0,(anonymous_5)
FNDA:0,(anonymous_6)
FNDA:1,(anonymous_7)
FNDA:0,(anonymous_8)
FNDA:0,(anonymous_9)
FNDA:0,(anonymous_10)
FNDA:0,(anonymous_11)
DA:20,1
DA:21,1
DA:26,1
DA:27,0
DA:31,1
DA:32,0
DA:35,1
DA:36,0
DA:39,1
DA:40,0
DA:41,0
DA:43,0
DA:45,0
DA:46,0
DA:50,1
DA:51,1
DA:55,0
DA:67,0
DA:70,0
DA:82,0
LF:20
LH:8
BRF:0
BRH:0
end_of_record
TN:
SF:app/javascript/components/pages/dashboard.js
FN:20,(anonymous_0)
FN:32,(anonymous_1)
FN:55,(anonymous_2)
FNF:3
FNH:3
FNDA:3,(anonymous_0)
FNDA:9,(anonymous_1)
FNDA:9,(anonymous_2)
DA:20,1
DA:21,3
DA:22,3
DA:23,3
DA:24,3
DA:33,9
DA:56,9
LF:7
LH:7
BRF:0
BRH:0
end_of_record
TN:
SF:app/javascript/components/pages/landingPage.js
FN:3,(anonymous_0)
FNF:1
FNH:1
FNDA:1,(anonymous_0)
DA:3,1
DA:4,1
LF:2
LH:2
BRF:0
BRH:0
end_of_record
