TN:
SF:app/javascript/components/pages/aboutus.js
FN:6,(anonymous_0)
FNF:1
FNH:1
FNDA:1,(anonymous_0)
DA:6,1
DA:7,1
LF:2
LH:2
BRF:0
BRH:0
end_of_record
TN:
SF:app/javascript/components/pages/active.js
FN:10,(anonymous_0)
FN:18,(anonymous_1)
FNF:2
FNH:2
FNDA:2,(anonymous_0)
FNDA:6,(anonymous_1)
DA:10,1
DA:11,2
DA:12,2
DA:19,6
LF:4
LH:4
BRF:0
BRH:0
end_of_record
TN:
SF:app/javascript/components/pages/archive.js
FN:10,(anonymous_0)
FN:18,(anonymous_1)
FNF:2
FNH:2
FNDA:2,(anonymous_0)
FNDA:6,(anonymous_1)
DA:10,1
DA:11,2
DA:12,2
DA:19,6
LF:4
LH:4
BRF:0
BRH:0
end_of_record
TN:
SF:app/javascript/components/pages/dashboard.js
FN:20,(anonymous_0)
FN:32,(anonymous_1)
FN:55,(anonymous_2)
FNF:3
FNH:3
FNDA:3,(anonymous_0)
FNDA:9,(anonymous_1)
FNDA:9,(anonymous_2)
DA:20,1
DA:21,3
DA:22,3
DA:23,3
DA:24,3
DA:33,9
DA:56,9
LF:7
LH:7
BRF:0
BRH:0
end_of_record
